<testsuite failures="0" name="src/test/java/examples/apiAndUi/apiAndUi.feature" skipped="0" tests="1" time="27.027367">
  <testcase classname="src.test.java.examples.apiAndUi.apiAndUi" name="elif" time="27.027367">
    <system-out>* configure driver = { type:'chromedriver' , executable: 'src\\test\\resources\\chromedriver.exe'} . passed
* def urlHome = 'https://open.spotify.com/' ............................... passed
* def user_id = '316s7gmalqadz6tzvbgbmv342grm' ............................ passed
* def s_id = { a :'7FldR5LCgIDhYlaG87NTAx'} ............................... passed
* def token = 'Bearer BQA1iWqQedZ6bEUDxR-1gMfRteKlc6M_FWct9J9GAV5oBng1fYlbLyIeYlzmtriaqkMkJet9-HfTGSSvLzQueMz5ngWXhSeKclB0RivzwH_rJp7TZ_4__qcD80zxY4X8MnDzRPGZzl8SEK6PUXJnTGmyRxJayiE_l1xdq3OYIo1LRpi-rlNXShZ-a2kIY9gdIiEikl2uFXkGU_zmA4lPHIGBtUVMn0LUJvPZFwVQ-7xqWqqbLWT1kv5EBwZVCe2edBkfHgiK8CimPyAf' . passed
* def playlist = .......................................................... passed
* def track = ............................................................. passed
Given driver "https://open.spotify.com/" .................................. passed
* maximize() .............................................................. passed
When delay(2000) .......................................................... passed
And click('.Button-qlcn5g-0.jvEinx') ...................................... passed
And delay(2000) ........................................................... passed
And input("//input[@id='login-username']",'elifnur.yantut@testinium.com') . passed
And delay(2000) ........................................................... passed
And input("//input[@id='login-password']",'Elif.123') ..................... passed
And click("//p[@class='Type__TypeElement-goli3j-0 dmuHFl sc-hKwDye eKDPqH' and text()='Oturum Aç']") . passed
And delay(4000) ........................................................... passed
Given url 'https://api.spotify.com/v1' .................................... passed
And path '/users/'+user_id+'/playlists' ................................... passed
And header Authorization = token .......................................... passed
And request playlist ...................................................... passed
When method POST .......................................................... passed
And def p_id = response.id ................................................ passed
And path '/playlists/'+p_id+'/tracks' ..................................... passed
And header Authorization = token .......................................... passed
And header Content-Type = 'application/json' .............................. passed
And request track ......................................................... passed
When method POST .......................................................... passed
And refresh() ............................................................. passed
And delay(4000) ........................................................... passed
And click("//div[@class='AINMAUImkAYJd4ertQxy']") ......................... passed
And delay(3000) ........................................................... passed
And click("//div[@class='ButtonInner-sc-14ud5tc-0 gHYQaG encore-bright-accent-set']") . passed
And delay(2000) ........................................................... passed
And url 'https://api.spotify.com/v1' ...................................... passed
And path 'me/player/currently-playing' .................................... passed
And header Authorization = token .......................................... passed
And method get ............................................................ passed
And match response.item.name == 'The Final Countdown' ..................... passed
And print 'Song Matched' .................................................. passed</system-out>
  </testcase>
</testsuite>
